C:\Program Files\Microsoft Visual Studio\2022\Community\MSBuild\Microsoft\VC\v170\Microsoft.CppBuild.targets(531,5): warning MSB8028: El directorio intermedio (x64\Release\) contiene archivos compartidos de otro proyecto (Prueba.vcxproj). Esto puede dar lugar a un comportamiento incorrecto de limpieza y recompilación.
  main.cpp
C:\Users\Usuario\Documents\Unillanos\POO\main.cpp(18,39): warning C4244: 'argumento': conversión de 'float' a 'T'; posible pérdida de datos
C:\Users\Usuario\Documents\Unillanos\POO\main.cpp(18,39): warning C4244:         with
C:\Users\Usuario\Documents\Unillanos\POO\main.cpp(18,39): warning C4244:         [
C:\Users\Usuario\Documents\Unillanos\POO\main.cpp(18,39): warning C4244:             T=int
C:\Users\Usuario\Documents\Unillanos\POO\main.cpp(18,39): warning C4244:         ]
C:\Users\Usuario\Documents\Unillanos\POO\main.cpp(18,31): warning C4244: 'argumento': conversión de 'float' a 'T'; posible pérdida de datos
C:\Users\Usuario\Documents\Unillanos\POO\main.cpp(18,31): warning C4244:         with
C:\Users\Usuario\Documents\Unillanos\POO\main.cpp(18,31): warning C4244:         [
C:\Users\Usuario\Documents\Unillanos\POO\main.cpp(18,31): warning C4244:             T=int
C:\Users\Usuario\Documents\Unillanos\POO\main.cpp(18,31): warning C4244:         ]
C:\Users\Usuario\Documents\Unillanos\POO\main.cpp(27,14): warning C4091: '': se ha omitido a la izquierda de 'sf::Clock' cuando no hay ninguna variable declarada
C:\Users\Usuario\Documents\Unillanos\POO\main.cpp(41,52): warning C4244: 'argumento': conversión de 'double' a 'T'; posible pérdida de datos
C:\Users\Usuario\Documents\Unillanos\POO\main.cpp(41,52): warning C4244:         with
C:\Users\Usuario\Documents\Unillanos\POO\main.cpp(41,52): warning C4244:         [
C:\Users\Usuario\Documents\Unillanos\POO\main.cpp(41,52): warning C4244:             T=int
C:\Users\Usuario\Documents\Unillanos\POO\main.cpp(41,52): warning C4244:         ]
C:\Users\Usuario\Documents\Unillanos\POO\main.cpp(41,45): warning C4244: 'argumento': conversión de 'double' a 'T'; posible pérdida de datos
C:\Users\Usuario\Documents\Unillanos\POO\main.cpp(41,45): warning C4244:         with
C:\Users\Usuario\Documents\Unillanos\POO\main.cpp(41,45): warning C4244:         [
C:\Users\Usuario\Documents\Unillanos\POO\main.cpp(41,45): warning C4244:             T=int
C:\Users\Usuario\Documents\Unillanos\POO\main.cpp(41,45): warning C4244:         ]
C:\Users\Usuario\Documents\Unillanos\POO\main.cpp(47,52): warning C4244: 'argumento': conversión de 'double' a 'T'; posible pérdida de datos
C:\Users\Usuario\Documents\Unillanos\POO\main.cpp(47,52): warning C4244:         with
C:\Users\Usuario\Documents\Unillanos\POO\main.cpp(47,52): warning C4244:         [
C:\Users\Usuario\Documents\Unillanos\POO\main.cpp(47,52): warning C4244:             T=int
C:\Users\Usuario\Documents\Unillanos\POO\main.cpp(47,52): warning C4244:         ]
C:\Users\Usuario\Documents\Unillanos\POO\main.cpp(47,45): warning C4244: 'argumento': conversión de 'double' a 'T'; posible pérdida de datos
C:\Users\Usuario\Documents\Unillanos\POO\main.cpp(47,45): warning C4244:         with
C:\Users\Usuario\Documents\Unillanos\POO\main.cpp(47,45): warning C4244:         [
C:\Users\Usuario\Documents\Unillanos\POO\main.cpp(47,45): warning C4244:             T=int
C:\Users\Usuario\Documents\Unillanos\POO\main.cpp(47,45): warning C4244:         ]
C:\Users\Usuario\Documents\Unillanos\POO\main.cpp(23,5): warning C4102: 'sf': etiqueta sin referencia
C:\Users\Usuario\Documents\Unillanos\POO\main.cpp(10,18): warning C4930: 'Protagonista player(void)': no se ha llamado a la función prototipo (¿se pensó una definición de variable?)
  malignas.cpp
/malignas.cpp(1,1): error C1083: No se puede abrir el archivo origen: 'malignas.cpp': No such file or directory
  (compilando archivo de origen "/malignas.cpp")
  
  skins.cpp
C:\Users\Usuario\Documents\Unillanos\POO\skins.cpp(26,1): error C1075: "{": no se encontró ningún token coincidente
